------------------------------------------------------------------------------------------------------------------------------------------------------------------------------------------------------------------------------------------------------------
      name:  <unnamed>
       log:  [REDACTED]y79/Geocode/y79_create_trim2.log
  log type:  text
 opened on:   8 Feb 2019, 09:56:30

. 
. *****************************************************************************
. * Merge geocode data into the main file
. *****************************************************************************
. !unzip -u ../y79_all.dta.zip


. use y79_all, clear

. !rm y79_all.dta


. 
. !unzip y79_geocode3.dta.zip


. merge 1:1 id year month using y79_geocode3.dta, assert(match) nogen keepusing(empPct incPerCapita empPctFinal incPerCapitaFinal numBA numAA tuitionBApublic tuitionBAprivate)
(label vlMonth already defined)

    Result                           # of obs.
    -----------------------------------------
    not matched                             0
    matched                         2,626,350  
    -----------------------------------------

. !rm y79_geocode3.dta


. 
. save y79_all2.dta, replace
(note: file y79_all2.dta not found)
file y79_all2.dta saved

. !chmod 774 y79_all2.dta


. 
. !zip -m y79_all2.dta.zip y79_all2.dta


. 
. log close
      name:  <unnamed>
       log:  [REDACTED]y79/Geocode/y79_create_trim2.log
  log type:  text
 closed on:   8 Feb 2019, 09:56:47
------------------------------------------------------------------------------------------------------------------------------------------------------------------------------------------------------------------------------------------------------------
