--------------------------------------------------------------------------------------------------------------------
      name:  <unnamed>
       log:  /afs/econ.duke.edu/data/vjh3/WageReturns/Data/y97/y97_compare_R15_R14.log
  log type:  text
 opened on:  19 Sep 2013, 12:03:51

. 
. use /afs/econ.duke.edu/data/vjh3/WageReturns/Data/y97/y97_all.dta, clear

. xtset id yrmo
       panel variable:  id (unbalanced)
        time variable:  yrmo, 199301 to 201205, but with gaps
                delta:  1 unit

. summarize, sep(0)

    Variable |       Obs        Mean    Std. Dev.       Min        Max
-------------+--------------------------------------------------------
          id |   1476250    4563.495    2603.432          1       9022
        year |   1476250    2002.335    4.646845       1993       2012
  birthMonth |   1476250     6.51283    3.473168          1         12
   birthYear |   1476250    1981.965    1.385078       1980       1984
       white |   1476250    .5171502     .499706          0          1
       black |   1476250    .2686144     .443239          0          1
    hispanic |   1476250    .2142354     .410291          0          1
liveWithM~14 |   1476250    .8858628    .3179779          0          1
        race |   1476250    1.697085    .7997679          1          3
  HHsize1997 |   1476250    4.561998    1.556213          1         16
      weight |   1476250    213585.5    93505.89      76071    1576182
oversample~e |   1476250    .2560054     .436425          0          1
annualHrsWrk |   1476250    987.0597    1014.872          0      17712
gradeCurrent |    515900    9.709357    1.543658          1         13
     missInt |   1476250    .0324667    .1772362          0          1
        afqt |   1476250    128.7785    71.35204          0   219.1471
      female |   1476250    .4916931    .4999312          0          1
         hgc |   1149245    12.16075    3.438319          2         95
     hgcMoth |   1476250    11.51962    4.314256          0         20
   m_hgcMoth |   1476250    .0744847    .2625581          0          1
     hgcFath |   1476250    9.961217    5.835139          0         20
   m_hgcFath |   1476250    .2067489    .4049739          0          1
 foreignBorn |   1476250    .0734666    .2609009          0          1
      m_afqt |   1476250    .2038815     .402882          0          1
  famInc1996 |   1476250    21.69423    26.29372  -30.65647   157.0899
m_famInc1996 |   1476250    .2593863     .438298          0          1
femaleH~1997 |   1476250    .2867062    .4522233          0          1
    born1980 |   1476250    .1940789    .3954901          0          1
    born1981 |   1476250     .212655    .4091858          0          1
    born1982 |   1476250    .2103858    .4075828          0          1
    born1983 |   1476250    .2002682    .4002012          0          1
    born1984 |   1476250     .182612    .3863483          0          1
ageAtMissInt |   1476250    .6639878    3.677397          0         28
 yearMissInt |   1476250    65.04087    355.0593          0       2010
 everMissInt |   1476250    .3544989    .4783614          0          1
  missIntCum |   1476250      .03878    .2233892          0          2
missIntLen~h |   1476250    .0451522    .2616956          0          2
everMiss3p~t |   1476250    .1009964    .3013241          0          1
everReturn~t |   1476250    .1026486    .3034995          0          1
missIntLas~l |   1476250           0           0          0          0
  fedMinWage |   1476250    295.6691    22.19782   255.4563    337.937
         cpi |   1476250    1.838306    .2157757      1.445    2.29594
  enrCollege |   1476250    .1509717    .3580214          0          1
  enrGradSch |   1476250     .008781    .0932949          0          1
      enrK12 |   1476250    .3194737    .4662729          0          1
monthsColl~e |   1476250    1.811161    3.906678          0         12
monthsGrad~h |   1476250    .1038618    1.010406          0         12
   monthsK12 |   1476250    2.432339    4.066999          0         12
weeksEmplo~d |   1476250    26.98359     22.3248          0         53
weeksLabFo~e |   1476250     29.9651    22.20303          0         53
annualWag~an |    856240    802.3248    9640.505          0    1488095
annualWage~d |   1031347    734.6595    16639.31          0    4195081
annualWa~Min |   1031347    609.3298    16256.08          0    4195081
annualWage~x |   1031347    959.0192    18896.36          0    4195081
annualWa~ain |    846590    823.4979    10954.04          0    1488095
        wage |    692099    825.6289    11284.05          0    1488095
  wageMedian |    692099    825.5966    11285.02          0    1488095
annualOccMin |   1086244    5.508134    2.061063          1         10
annualOccMax |   1086268    5.526387    2.128982          1         10
annualOc~ain |    914047    5.465622     2.15941          1         10
annualIndMin |   1086235    6.128023    2.932566          1         10
annualIndMax |   1086268    5.999121    2.947904          1         10
annualIn~ain |    914059    5.977088    2.910563          1         10
 weeksWorked |   1476250    2.249124    2.153998          0          5
      avgHrs |    798949    35.94525    16.71619          0        160
annualAvgH~k |   1476250    24.85767    25.37094          0   1733.333
 hoursWorked |   1476250    81.40106    94.09059          0        500
weeksMilit~y |   1476250     .071496    .5537012          0          5
      workFT |   1476250    .3091177      .46213          0          1
      workPT |   1476250    .2321829    .4222252          0          1
    military |   1476250    .0138161    .1167271          0          1
        work |   1476250    .5413006    .4982915          0          1
     workSch |   1476250    .1839296    .3874269          0          1
     workK12 |   1476250    .0779834    .2681456          0          1
 workCollege |   1476250    .1059461    .3077688          0          1
       other |   1476250    .1588295    .3655171          0          1
    activity |   1476250    3.001752    1.751446          1          6
gradGradua~l |   1476250    .0088379     .093594          0          1
yrGradGrad~e |   1476250    .0029765    .0544757          0          1
grad4yrAnn~l |   1476250    .0820234    .2744004          0          1
   yrGrad4yr |   1476250     .015114    .1220063          0          1
grad2yrAnn~l |   1476250    .0327126    .1778835          0          1
   yrGrad2yr |   1476250    .0058655    .0763619          0          1
gradHSAnnual |   1476250    .5593334    .4964672          0          1
    yrGradHS |   1476250    .0599329    .2373626          0          1
gradDiplom~l |   1476250     .506738    .4999548          0          1
yrGradDipl~a |   1476250    .0538567    .2257348          0          1
gradGEDAnn~l |   1476250    .0617389    .2406807          0          1
   yrGradGED |   1476250    .0076627    .0872006          0          1
annual~kCalc |   1476250    957.7835    1001.804          0      17276
annual~cCalc |   1476250    833.4072    947.5413          0      17712
annualHrsW~w |   1436545    970.2722    1002.741          0      17276
annualHrsW~d |   1476250    968.2136    998.3361          0       5000
  Grad_month |     80186    6.710236    2.885861          1         12
    BA_month |    358675    6.807123    2.990925          1         12
    AA_month |    143166    6.565833    2.994428          1         12
Diploma_mo~h |   1172050    5.654979    1.117522          1         12
   GED_month |    172218    6.493317    3.250663          1         12
    HS_month |   1296769    5.703172    1.533568          1         12
   Grad_year |     80186     2008.26    1.965938       2002       2011
     BA_year |    358437    2005.415    2.128646       2000       2011
     AA_year |    143166     2005.44    2.919812       1999       2011
Diploma_year |   1172050    2000.642    1.952431       1996       2011
    GED_year |    172218    2002.365     3.08722       1995       2011
     HS_year |   1305934    2000.734    2.014968       1995       2011
Interview_~e |   1255497    529.9965    49.49958        444        629
last_int_day |   1382194     18570.9    955.3863      13546      18962
       month |   1476250    6.507831    3.445248          1         12
         age |   1476250    19.91436    4.483059         13         28
       ageMo |   1476250    5.460677    3.451473          0         11
 int2012temp |     32939    621.4354    1.667366        620        629
     int2012 |    738763    621.2891    1.558699        620        629
        yrmo |   1476250      200240    464.4834     199301     201205
   yrmo_last |   1382194    201024.2    252.1268     199702     201112
gradGraduate |   1476250    .0073348    .0853288          0          1
     grad4yr |   1476250    .0746601    .2628422          0          1
     grad2yr |   1476250    .0299428    .1704295          0          1
 gradDiploma |   1476250    .4857856    .4997981          0          1
     gradGED |   1476250    .0581873    .2340974          0          1
      gradHS |   1476250    .5355434    .4987352          0          1
      everHS |   1476250    .8750706    .3306389          0          1
     caldate |   1476250    513.5219    55.65468        396        628

. tab activity

   activity |      Freq.     Percent        Cum.
------------+-----------------------------------
          1 |    422,538       28.62       28.62
          2 |    271,526       18.39       47.02
          3 |    152,337       10.32       57.33
          4 |    374,981       25.40       82.74
          5 |     20,396        1.38       84.12
          6 |    234,472       15.88      100.00
------------+-----------------------------------
      Total |  1,476,250      100.00

. tab year birthYear

   Year of |                       Birth year
    Survey |      1980       1981       1982       1983       1984 |     Total
-----------+-------------------------------------------------------+----------
      1993 |    10,782          0          0          0          0 |    10,782 
      1994 |    20,100     11,795          0          0          0 |    31,895 
      1995 |    20,100     22,296     11,798          0          0 |    54,194 
      1996 |    20,100     22,296     21,864     11,693          0 |    75,953 
      1997 |    19,689     21,809     21,396     21,223     11,123 |    95,240 
      1998 |    19,421     21,499     21,140     21,037     20,567 |   103,664 
      1999 |    18,844     20,984     20,812     20,773     20,390 |   101,803 
      2000 |    18,318     20,452     20,407     20,561     20,214 |    99,952 
      2001 |    17,851     19,880     20,052     20,227     19,960 |    97,970 
      2002 |    17,443     19,418     19,713     19,877     19,723 |    96,174 
      2003 |    16,974     18,965     19,347     19,541     19,182 |    94,009 
      2004 |    16,539     18,489     18,971     19,081     18,882 |    91,962 
      2005 |    16,209     18,029     18,575     18,754     18,444 |    90,011 
      2006 |    15,913     17,882     18,300     18,509     18,232 |    88,836 
      2007 |    15,644     17,590     18,062     18,209     17,899 |    87,404 
      2008 |    15,526     17,408     17,848     17,980     17,658 |    86,420 
      2009 |     7,056     17,194     17,635     17,713     17,398 |    76,996 
      2010 |         0      7,946     17,322     17,452     17,030 |    59,750 
      2011 |         0          0      7,340     12,892     12,707 |    32,939 
      2012 |         0          0          0        124        172 |       296 
-----------+-------------------------------------------------------+----------
     Total |   286,509    313,932    310,582    295,646    269,581 | 1,476,250 


. tab age birthYear

           |                       Birth year
       age |      1980       1981       1982       1983       1984 |     Total
-----------+-------------------------------------------------------+----------
        13 |    20,100     22,296     21,864     21,426     20,613 |   106,299 
        14 |    20,100     22,296     21,704     21,101     20,473 |   105,674 
        15 |    20,100     22,157     21,229     20,927     20,302 |   104,715 
        16 |    19,959     21,635     21,009     20,652     20,094 |   103,349 
        17 |    19,532     21,234     20,626     20,418     19,870 |   101,680 
        18 |    19,207     20,708     20,247     20,047     19,500 |    99,709 
        19 |    18,558     20,167     19,885     19,737     19,048 |    97,395 
        20 |    18,065     19,681     19,560     19,334     18,680 |    95,320 
        21 |    17,639     19,217     19,150     18,939     18,367 |    93,312 
        22 |    17,247     18,678     18,816     18,637     18,077 |    91,455 
        23 |    16,762     18,239     18,464     18,345     17,786 |    89,596 
        24 |    16,365     17,981     18,213     18,116     17,535 |    88,210 
        25 |    16,068     17,757     17,962     17,873     17,203 |    86,863 
        26 |    15,792     17,498     17,765     17,625     16,448 |    85,128 
        27 |    15,592     17,301     17,485     16,837      5,547 |    72,762 
        28 |    15,423     17,087     16,603      5,632         38 |    54,783 
-----------+-------------------------------------------------------+----------
     Total |   286,509    313,932    310,582    295,646    269,581 | 1,476,250 


. 
. use /afs/econ.duke.edu/data/vjh3/WageReturns/Data/y97/y97_all.dta, clear

. xtset id yrmo
       panel variable:  id (unbalanced)
        time variable:  yrmo, 199301 to 201012, but with gaps
                delta:  1 unit

. summarize, sep(0)

    Variable |       Obs        Mean    Std. Dev.       Min        Max
-------------+--------------------------------------------------------
          id |   1434188    4563.865    2603.657          1       9022
        year |   1434188    2002.087     4.47946       1993       2010
  birthMonth |   1434188    6.501277    3.473596          1         12
   birthYear |   1434188    1981.931    1.384293       1980       1984
       white |   1434188    .5173046    .4997006          0          1
       black |   1434188    .2685429    .4432017          0          1
    hispanic |   1434188    .2141525    .4102333          0          1
liveWithM~14 |   1434188    .8857033    .3181714          0          1
        race |   1434188    1.696848    .7997227          1          3
  HHsize1997 |   1434188     4.56021    1.556217          1         16
      region |   1209137    2.673105    .9991594          1          4
      weight |   1434188    213670.9     93527.1      76071    1576182
oversample~e |   1434188    .2561233    .4364909          0          1
annualHrsWrk |   1434188    971.4735    1008.061          0      17712
gradeCurrent |    515814    9.710366    1.542727          2         13
     missInt |   1434188    .0322622    .1766956          0          1
        afqt |   1434188    128.7575    71.37873          0   219.4918
      female |   1434188    .4917584    .4999322          0          1
     hgcMoth |   1434188    11.51798    4.314752          0         20
   m_hgcMoth |   1434188    .0745906    .2627298          0          1
     hgcFath |   1434188    9.959825    5.836452          0         20
   m_hgcFath |   1434188     .206954    .4051224          0          1
 foreignBorn |   1434188    .0740579    .2618652          0          1
      m_afqt |   1434188    .2041803    .4031015          0          1
  famInc1996 |   1434188    21.70271    26.31155  -30.65647   157.0899
m_famInc1996 |   1434188    .2598704    .4385635          0          1
femaleH~1997 |   1434188    .2868418    .4522872          0          1
    born1980 |   1434188    .1997528    .3998146          0          1
    born1981 |   1434188    .2186185    .4133093          0          1
    born1982 |   1434188    .2095095    .4069587          0          1
    born1983 |   1434188    .1950302    .3962241          0          1
    born1984 |   1434188    .1770891    .3817442          0          1
ageAtMissInt |   1434188    .6532561    3.627232          0         28
 yearMissInt |   1434188    64.62359    353.9354          0       2009
 everMissInt |   1434188    .3443489    .4751556          0          1
  missIntCum |   1434188    .0385333    .2226899          0          2
missIntLen~h |   1434188    .0448254    .2606578          0          2
everMiss3p~t |   1434188    .0954931    .2938949          0          1
everReturn~t |   1434188    .0954931    .2938949          0          1
missIntLas~l |   1434188           0           0          0          0
  fedMinWage |   1434188    294.8254    21.94627   255.4563    337.937
         cpi |   1434188    1.826677    .2077328      1.445    2.18056
  enrCollege |   1434188     .151789    .3588164          0          1
  enrGradSch |   1434188    .0081203     .089746          0          1
      enrK12 |   1434188    .3641859    .4812013          0          1
monthsColl~e |   1434188    1.820798    3.916682          0         12
monthsGrad~h |   1434188    .0963347     .971758          0         12
   monthsK12 |   1434188    2.503675    4.104507          0         12
weeksEmplo~d |   1434188     26.5801    22.22497          0         52
weeksLabFo~e |   1434188    29.50939    22.14121          0         52
annualWag~an |    930914    752.4606    9219.459          0    1488095
annualWage~d |    998293    730.0229    16904.18          0    4195081
annualWa~Min |    998293    604.0785    16514.68          0    4195081
annualWage~x |    998293    951.1772    18957.86          0    4195081
annualWa~ain |    921061    772.2776    10502.78          0    1488095
        wage |    745028    776.4348    10838.79          0    1488095
  wageMedian |    745028    776.3876    10839.69          0    1488095
annualOccMin |   1051378    5.523792     2.04808          1         10
annualOccMax |   1051417    5.543218     2.11632          1         10
annualOc~ain |    985888    5.500944     2.10426          1         10
annualIndMin |   1051378    6.128231    2.936134          1         10
annualIndMax |   1051417    5.995151    2.951489          1         10
annualIn~ain |    985900    6.004169    2.932521          1         10
 weeksWorked |   1434188    2.224335    2.154473          0          5
      avgHrs |    768206     35.8108    16.70042          0        160
annualAvgH~k |   1434188    24.72893    25.42569          0   1733.333
 hoursWorked |   1434188     80.1912    93.67687          0        500
weeksMilit~y |   1434188     .070854    .5512653          0          5
      workFT |   1434188    .3025921    .4593803          0          1
      workPT |   1434188    .2330789    .4227922          0          1
    military |   1434188    .0137506    .1164541          0          1
        work |   1434188    .5356711    .4987261          0          1
     workSch |   1434188    .2001104    .4000829          0          1
     workK12 |   1434188    .0934647    .2910827          0          1
 workCollege |   1434188    .1066457    .3086624          0          1
       other |   1434188    .1351838    .3419199          0          1
    activity |   1434188    2.845483    1.718668          1          6
gradGradua~l |   1434188    .0075827    .0867479          0          1
yrGradGrad~e |   1434188    .0027068    .0519561          0          1
grad4yrAnn~l |   1434188    .0776565    .2676304          0          1
   yrGrad4yr |   1434188    .0153871    .1230868          0          1
grad2yrAnn~l |   1434188    .0307791    .1727187          0          1
   yrGrad2yr |   1434188    .0058117    .0760124          0          1
gradHSAnnual |   1434188    .5500025    .4974936          0          1
    yrGradHS |   1434188    .0615282    .2402967          0          1
gradDiplom~l |   1434188    .4995245    .4999999          0          1
yrGradDipl~a |   1434188    .0554418    .2288407          0          1
gradGEDAnn~l |   1434188     .059921    .2373405          0          1
   yrGradGED |   1434188    .0077396    .0876338          0          1
annual~kCalc |   1434188    940.6706    994.3411          0      17276
annual~cCalc |   1434188    885.6314     933.555          0      17712
annualHrsW~w |   1396062     954.957    997.4152          0      17276
annualHrsW~d |   1434188    951.3532    991.2515          0       5000
  Grad_month |     65395    6.737166    2.871674          1         12
    BA_month |    340902    6.800133    2.983598          1         12
    AA_month |    130360    6.546747    2.970668          1         12
Diploma_mo~h |   1137897    5.656011    1.117603          1         12
   GED_month |    163269    6.501969    3.263689          1         12
    HS_month |   1255753    5.708891    1.537568          1         12
   Grad_year |     65395    2007.756     1.76395       2002       2011
     BA_year |    340672    2005.258    2.011484       2000       2010
     AA_year |    130360    2005.058    2.658732       1999       2011
Diploma_year |   1137897    2000.572    1.846905       1996       2010
    GED_year |    163269    2002.172    2.907294       1995       2010
     HS_year |   1264558    2000.664     1.93044       1995       2010
Interview_~e |   1215094    527.0261    47.50427        444        617
last_int_day |   1434188    18306.15    851.9495      13546      18779
       month |   1434188    6.521562    3.442608          1         12
         age |   1434188    19.70331    4.370908         13         28
       ageMo |   1434188    5.448435    3.451943          0         11
        yrmo |   1434188    200215.2    447.7639     199301     201012
   yrmo_last |   1434188    200955.2    227.5108     199702     201106
gradGraduate |   1434188    .0062161    .0785966          0          1
     grad4yr |   1434188    .0701916    .2554698          0          1
     grad2yr |   1434188    .0280493    .1651138          0          1
 gradDiploma |   1434188    .4779645    .4995144          0          1
     gradGED |   1434188    .0563308    .2305595          0          1
      gradHS |   1434188    .5255824    .4993453          0          1
           t |   1434188    86.88817     52.5029          1        192
         hgc |   1417592    11.46282    2.774089          1         20
last_year_~h |   1434188    .1048935    .3064163          0          1
      everHS |   1434188    .8725348    .3334934          0          1

. tab activity

   activity |      Freq.     Percent        Cum.
------------+-----------------------------------
          1 |    452,578       31.56       31.56
          2 |    286,996       20.01       51.57
          3 |    131,547        9.17       60.74
          4 |    349,467       24.37       85.11
          5 |     19,721        1.38       86.48
          6 |    193,879       13.52      100.00
------------+-----------------------------------
      Total |  1,434,188      100.00

. tab year birthYear

   Year of |                       Birth year
    Survey |      1980       1981       1982       1983       1984 |     Total
-----------+-------------------------------------------------------+----------
      1993 |    10,782          0          0          0          0 |    10,782 
      1994 |    20,100     11,795          0          0          0 |    31,895 
      1995 |    20,100     22,296     11,798          0          0 |    54,194 
      1996 |    20,100     22,296     21,864     11,693          0 |    75,953 
      1997 |    19,689     21,809     21,396     21,223     11,123 |    95,240 
      1998 |    19,421     21,499     21,140     21,037     20,567 |   103,664 
      1999 |    18,844     20,984     20,812     20,773     20,390 |   101,803 
      2000 |    18,318     20,452     20,407     20,561     20,214 |    99,952 
      2001 |    17,851     19,880     20,052     20,227     19,960 |    97,970 
      2002 |    17,443     19,418     19,713     19,877     19,723 |    96,174 
      2003 |    16,974     18,965     19,347     19,541     19,182 |    94,009 
      2004 |    16,539     18,489     18,971     19,081     18,882 |    91,962 
      2005 |    16,209     18,029     18,575     18,754     18,444 |    90,011 
      2006 |    15,913     17,882     18,300     18,509     18,232 |    88,836 
      2007 |    15,644     17,590     18,062     18,209     17,899 |    87,404 
      2008 |    15,526     17,405     17,831     17,964     17,651 |    86,377 
      2009 |     7,030     17,102     17,505     17,547     17,288 |    76,472 
      2010 |         0      7,649     14,703     14,714     14,424 |    51,490 
-----------+-------------------------------------------------------+----------
     Total |   286,483    313,540    300,476    279,710    253,979 | 1,434,188 


. tab age birthYear

           |                       Birth year
       age |      1980       1981       1982       1983       1984 |     Total
-----------+-------------------------------------------------------+----------
        13 |    20,100     22,296     21,864     21,426     20,613 |   106,299 
        14 |    20,100     22,296     21,704     21,101     20,473 |   105,674 
        15 |    20,100     22,157     21,229     20,927     20,302 |   104,715 
        16 |    19,959     21,635     21,009     20,652     20,094 |   103,349 
        17 |    19,532     21,234     20,626     20,418     19,870 |   101,680 
        18 |    19,207     20,708     20,247     20,047     19,500 |    99,709 
        19 |    18,558     20,167     19,885     19,737     19,048 |    97,395 
        20 |    18,065     19,681     19,560     19,334     18,680 |    95,320 
        21 |    17,639     19,217     19,150     18,939     18,367 |    93,312 
        22 |    17,247     18,678     18,816     18,637     18,077 |    91,455 
        23 |    16,762     18,239     18,464     18,345     17,785 |    89,595 
        24 |    16,365     17,981     18,213     18,116     17,490 |    88,165 
        25 |    16,068     17,757     17,961     17,791     16,845 |    86,422 
        26 |    15,792     17,498     17,699     17,222      6,835 |    75,046 
        27 |    15,592     17,269     17,137      7,018          0 |    57,016 
        28 |    15,397     16,727      6,912          0          0 |    39,036 
-----------+-------------------------------------------------------+----------
     Total |   286,483    313,540    300,476    279,710    253,979 | 1,434,188 


. 
. log close
      name:  <unnamed>
       log:  /afs/econ.duke.edu/data/vjh3/WageReturns/Data/y97/y97_compare_R15_R14.log
  log type:  text
 closed on:  19 Sep 2013, 12:04:42
--------------------------------------------------------------------------------------------------------------------
