------------------------------------------------------------------------------------------------------------------------------------------------------------------------------------------------------------------------------------------------------------
      name:  <unnamed>
       log:  /home/data/ransom/WageReturnsRepo/Data/y97/y97_sample_selection.log
  log type:  text
 opened on:   2 Mar 2020, 16:30:25

. 
. **************************************************
. * Same drops happen here as in y97_create_trim (wherein
. *  we create our final dataset)
. **************************************************
. 
. 
. !unzip -u y97_all_balanced.dta.zip


. use y97_all_balanced.dta, clear

. !rm y97_all_balanced.dta


. 
. *=================================================
. * Frequency stats and droppings
. *=================================================
. xtset id uniqueTime
       panel variable:  id (unbalanced)
        time variable:  uniqueTime, 1301 to 3612, but with gaps
                delta:  1 unit

. xtsum id if inrange(year,1997,2016)

Variable         |      Mean   Std. Dev.       Min        Max |    Observations
-----------------+--------------------------------------------+----------------
id       overall |  4504.492   2603.226          1       9022 |     N = 2146332
         between |             2603.136          1       9022 |     n =    8984
         within  |                    0   4504.492   4504.492 | T-bar = 238.906

. xtsum id if inrange(age,16,36) & female==0 

Variable         |      Mean   Std. Dev.       Min        Max |    Observations
-----------------+--------------------------------------------+----------------
id       overall |  4469.546   2608.252          2       9021 |     N = 1021897
         between |             2606.137          2       9021 |     n =    4599
         within  |                    0   4469.546   4469.546 | T-bar =   222.2

. xtsum id if inrange(age,16,36) & female==0 & mixed==0

Variable         |      Mean   Std. Dev.       Min        Max |    Observations
-----------------+--------------------------------------------+----------------
id       overall |  4481.455   2610.661          2       9021 |     N = 1012937
         between |             2608.374          2       9021 |     n =    4559
         within  |                    0   4481.455   4481.455 | T-bar = 222.184

. 
. * -------------------------------------------------------------------------
. * get number of people in each birth cohort for potential survey definition
. * -------------------------------------------------------------------------
. 
. * If t0=13:
. * yob    ages_interviewed  #ints (years) by 36  # ints (years) when incorporating retrospective info
. * -------------------------------------------------------------------------------------------
. * 84        12~31                19                 19
. * 83        13~32                20                 20
. * 82        14~33                20                 21
. * 81        15~34                20                 22
. * 80        16~35                20                 23
. 
. * If t0=16:
. * yob    ages_interviewed  #ints (years) by 36  # ints (years) when incorporating retrospective info
. * -------------------------------------------------------------------------------------------
. * 84        12~31                16                 16
. * 83        13~32                17                 17
. * 82        14~33                18                 18
. * 81        15~34                19                 29
. * 80        16~35                20                 21
. 
. bys id (uniqueTime): gen firstPer = _n==1

. tab birthYear if female==0 & mixed==0 & firstPer

 Birth year |      Freq.     Percent        Cum.
------------+-----------------------------------
       1980 |        843       18.49       18.49
       1981 |        941       20.64       39.13
       1982 |        943       20.68       59.82
       1983 |        930       20.40       80.21
       1984 |        902       19.79      100.00
------------+-----------------------------------
      Total |      4,559      100.00

. 
. *=================================================
. * Frequency stats and droppings
. *=================================================
. *** "Drop" females and over-samples
. * One cohort
. qui count if uniqueTime==1301

. scalar r0 = r(N)

. qui count if uniqueTime==1301  &  female

. scalar r1 = r(N)             

. qui count if uniqueTime==1301  & !female &  mixed

. scalar r2 = r(N)              

. qui count if uniqueTime==1301  & !female & !mixed

. scalar r3 = r(N)                                

. 
. disp "Starting persons  (one cohort) "  r0
Starting persons  (one cohort) 8984

. disp "Drop females      (one cohort) "  r1
Drop females      (one cohort) 4385

. disp "Drop mixed race   (one cohort) "  r2
Drop mixed race   (one cohort) 40

. disp "Resulting persons (one cohort) "  r3
Resulting persons (one cohort) 4559

. 
. 
. qui count if uniqueTime==1301 & !female & birthYear==1980 & !mixed

. scalar r80 = r(N)

. qui count if uniqueTime==1301 & !female & birthYear==1981 & !mixed

. scalar r81 = r(N)

. qui count if uniqueTime==1301 & !female & birthYear==1982 & !mixed

. scalar r82 = r(N)

. qui count if uniqueTime==1301 & !female & birthYear==1983 & !mixed

. scalar r83 = r(N)

. qui count if uniqueTime==1301 & !female & birthYear==1984 & !mixed

. scalar r84 = r(N)

. 
. * for 97:
. * yob    ages_interviewed  #ints (years) by 36  # ints (years) when incorporating retrospective info
. * -------------------------------------------------------------------------------------------
. * 84        12~31                16                 16
. * 83        13~32                17                 17
. * 82        14~33                18                 18
. * 81        15~34                19                 19
. * 80        16~35                20                 21
. 
. * rounds ~= waves: rounds is a proxy for how many years were you surveyed, whereas waves referes to 
. *                  how often the survey was done, which moved to every other year
. disp "Survey waves:            " 17
Survey waves:            17

. disp "Survey Person-years:     " r84*16 + r83*17 + r82*18 + r81*19 + r80*20
Survey Person-years:     81955

. disp "Add Retro data:          " r84*0  + r83*0  + r82*0  + r81*0  + r80*1 
Add Retro data:          843

. disp "Potential person-years:  " r84*16 + r83*17 + r82*18 + r81*19 + r80*20 + r80*1
Potential person-years:  82798

. disp "Potential person-months: " (r84*16 + r83*17 + r82*18 + r81*19 + r80*20)*12
Potential person-months: 983460

. 
. 
. drop if mixed
(21,419 observations deleted)

. 
. * flag months for people after R17 interview date
. gen R17intflag = R17interviewDate<=ym(year,month) & ~mi(R17interviewDate)

. * flag months for people after last valid interview date
. gen yrmo = year*100+month

. gen yrmo_last = year(last_int_day)*100+month(last_int_day)
(612,859 missing values generated)

. gen lastintflag = yrmo>=yrmo_last

. * flag everything after the beginning of long missed interview spells
. *long_miss_flag (already created)
. * flag right-censored interview spells
. tab max_nonmissing_int_year year if year>=2015

max_nonmis |
sing_int_y |    Year of Survey
       ear |      2015       2016 |     Total
-----------+----------------------+----------
      2014 |    22,392     22,392 |    44,784 
      2015 |    60,492     60,492 |   120,984 
      2016 |    23,928     23,928 |    47,856 
-----------+----------------------+----------
     Total |   106,812    106,812 |   213,624 


. gen rightcens_spell = year>max_nonmissing_int_year

. * flag observations after someone "illegally" went to college (without a Diploma)
. *mdy(month,1,year>lastValidSchoolDate) 
. 
. *** Drop observations after last (valid) interview, after start of long missed interview spell, right-censored interview spell, or after attending school out of sequence ...  and more counts
. count    if !female &  ( R17intflag==1 | lastintflag==1 | long_miss_flag==1 | rightcens_spell==1 | (mdy(month,1,year)>lastValidSchoolDate) ) & uniqueTime>=1601 & uniqueTime<=3512
  214,867

. scalar s0 = r(N)

. xtsum id if !female &    R17intflag==0 & lastintflag==0 & long_miss_flag==0 & rightcens_spell==0 & (mdy(month,1,year)<=lastValidSchoolDate)  & uniqueTime>=1601 & uniqueTime<=3512

Variable         |      Mean   Std. Dev.       Min        Max |    Observations
-----------------+--------------------------------------------+----------------
id       overall |  4527.472   2603.085          2       9021 |     N =  792652
         between |             2607.676          2       9021 |     n =    4443
         within  |                    0   4527.472   4527.472 |     T = 178.405

. scalar s1 = r(N)

. scalar s2 = r(Tbar)

. xtsum id if !female &    R17intflag==0 & lastintflag==0 & long_miss_flag==0 & rightcens_spell==0 & (mdy(month,1,year)<=lastValidSchoolDate)  & ageMo==0 & uniqueTime>=1601 & uniqueTime<=3512

Variable         |      Mean   Std. Dev.       Min        Max |    Observations
-----------------+--------------------------------------------+----------------
id       overall |  4526.444   2602.858          2       9021 |     N =   68098
         between |             2607.676          2       9021 |     n =    4443
         within  |                    0   4526.444   4526.444 |     T =  15.327

. scalar s3 = r(N)

. scalar s4 = r(n)

. 
. disp "Drop missing int months " s0
Drop missing int months 214867

. disp "Final months "            s1
Final months 792652

. disp "Final Tbar "              s2
Final Tbar 178.40468

. 
. disp "Final years "             s3
Final years 68098

. disp "Final persons "           s4
Final persons 4443

. disp "Drop missing int years "  s4*20-s3
Drop missing int years 20762

. 
. xtsum id if !female & R17intflag==0 & lastintflag==0 & long_miss_flag==0 & rightcens_spell==0 & mdy(month,1,year<=lastValidSchoolDate) & ageMo==0 & uniqueTime>=1601 & uniqueTime<=1612

Variable         |      Mean   Std. Dev.       Min        Max |    Observations
-----------------+--------------------------------------------+----------------
id       overall |  4488.848   2607.676          2       9021 |     N =    4443
         between |             2607.676          2       9021 |     n =    4443
         within  |                    0   4488.848   4488.848 |     T =       1

. xtsum id if !female & R17intflag==0 & lastintflag==0 & long_miss_flag==0 & rightcens_spell==0 & mdy(month,1,year<=lastValidSchoolDate) & ageMo==0 & uniqueTime>=2801 & uniqueTime<=2812

Variable         |      Mean   Std. Dev.       Min        Max |    Observations
-----------------+--------------------------------------------+----------------
id       overall |  4523.542   2600.842          2       9021 |     N =    3596
         between |             2600.842          2       9021 |     n =    3596
         within  |                    0   4523.542   4523.542 |     T =       1

. xtsum id if !female & R17intflag==0 & lastintflag==0 & long_miss_flag==0 & rightcens_spell==0 & mdy(month,1,year<=lastValidSchoolDate) & ageMo==0 & uniqueTime>=3101 & uniqueTime<=3112

Variable         |      Mean   Std. Dev.       Min        Max |    Observations
-----------------+--------------------------------------------+----------------
id       overall |  4533.088   2610.602          2       9021 |     N =    3417
         between |             2610.602          2       9021 |     n =    3417
         within  |                    0   4533.088   4533.088 |     T =       1

. xtsum id if !female & R17intflag==0 & lastintflag==0 & long_miss_flag==0 & rightcens_spell==0 & mdy(month,1,year<=lastValidSchoolDate) & ageMo==0 & uniqueTime>=3501 & uniqueTime<=3512

Variable         |      Mean   Std. Dev.       Min        Max |    Observations
-----------------+--------------------------------------------+----------------
id       overall |  4442.842   2666.495         26       9021 |     N =     501
         between |             2666.495         26       9021 |     n =     501
         within  |                    0   4442.842   4442.842 |     T =       1

. 
. xtsum id if !female & R17intflag==0 & lastintflag==0 & long_miss_flag==0 & rightcens_spell==0 & mdy(month,1,year<=lastValidSchoolDate) & uniqueTime>=1601 & uniqueTime<=1612

Variable         |      Mean   Std. Dev.       Min        Max |    Observations
-----------------+--------------------------------------------+----------------
id       overall |  4494.726   2606.111          2       9021 |     N =   52901
         between |             2607.676          2       9021 |     n =    4443
         within  |                    0   4494.726   4494.726 |     T = 11.9066

. xtsum id if !female & R17intflag==0 & lastintflag==0 & long_miss_flag==0 & rightcens_spell==0 & mdy(month,1,year<=lastValidSchoolDate) & uniqueTime>=2801 & uniqueTime<=2812

Variable         |      Mean   Std. Dev.       Min        Max |    Observations
-----------------+--------------------------------------------+----------------
id       overall |  4523.077   2600.131          2       9021 |     N =   43078
         between |             2600.842          2       9021 |     n =    3596
         within  |                    0   4523.077   4523.077 |     T = 11.9794

. xtsum id if !female & R17intflag==0 & lastintflag==0 & long_miss_flag==0 & rightcens_spell==0 & mdy(month,1,year<=lastValidSchoolDate) & uniqueTime>=2812 & uniqueTime<=2812

Variable         |      Mean   Std. Dev.       Min        Max |    Observations
-----------------+--------------------------------------------+----------------
id       overall |  4523.989    2601.08          2       9021 |     N =    3583
         between |              2601.08          2       9021 |     n =    3583
         within  |                    0   4523.989   4523.989 |     T =       1

. xtsum id if !female & R17intflag==0 & lastintflag==0 & long_miss_flag==0 & rightcens_spell==0 & mdy(month,1,year<=lastValidSchoolDate) & uniqueTime>=3101 & uniqueTime<=3101

Variable         |      Mean   Std. Dev.       Min        Max |    Observations
-----------------+--------------------------------------------+----------------
id       overall |  4533.088   2610.602          2       9021 |     N =    3417
         between |             2610.602          2       9021 |     n =    3417
         within  |                    0   4533.088   4533.088 |     T =       1

. xtsum id if !female & R17intflag==0 & lastintflag==0 & long_miss_flag==0 & rightcens_spell==0 & mdy(month,1,year<=lastValidSchoolDate) & uniqueTime>=3112 & uniqueTime<=3112

Variable         |      Mean   Std. Dev.       Min        Max |    Observations
-----------------+--------------------------------------------+----------------
id       overall |   4561.28   2628.659          2       9021 |     N =    2754
         between |             2628.659          2       9021 |     n =    2754
         within  |                    0    4561.28    4561.28 |     T =       1

. xtsum id if !female & R17intflag==0 & lastintflag==0 & long_miss_flag==0 & rightcens_spell==0 & mdy(month,1,year<=lastValidSchoolDate) & uniqueTime>=3501 & uniqueTime<=3512

Variable         |      Mean   Std. Dev.       Min        Max |    Observations
-----------------+--------------------------------------------+----------------
id       overall |  4434.629   2650.724         26       9021 |     N =    2946
         between |             2666.495         26       9021 |     n =     501
         within  |                    0   4434.629   4434.629 |     T = 5.88024

. 
. log close
      name:  <unnamed>
       log:  /home/data/ransom/WageReturnsRepo/Data/y97/y97_sample_selection.log
  log type:  text
 closed on:   2 Mar 2020, 16:31:06
------------------------------------------------------------------------------------------------------------------------------------------------------------------------------------------------------------------------------------------------------------
